Received code: 4/0Ab_5qlmIA2CFoQBiRoHJNDbOIfBMMvdfAz67KVIonUbk5Z9LgMyUOe7IWtgWBkYSy9KFrw
Token response: Array
(
    [access_token] => ya29.a0AZYkNZh_SdIRzm01G8V5YpU9qEKmcbgsN55IO6S2MzG7cn7Q18iNqNd8p5jqeMTMdDHSwY9ub_IASOdH3VqHin5EDGHphjgzSbyPlHTfIpQVr78GGxHoiAvaGtbZk-2iVditmVdIkudx8BFaWVSiWYv3Wp_Rv7QyIY-OjuuAaCgYKAdsSARcSFQHGX2MiTj9EJoAV-afp3mbtpdWW-Q0175
    [expires_in] => 3599
    [refresh_token] => 1//03WkCSs5DEHiNCgYIARAAGAMSNwF-L9Ir65zNvuED_7qoqID76eMhkeRqQm0Ih0WIjxiaCb5XCvvZpBPqKiQtzh6eZvBbyMHWGeI
    [scope] => https://www.googleapis.com/auth/gmail.send
    [token_type] => Bearer
    [created] => 1744551531
)

Received code: 4/0Ab_5qlmIA2CFoQBiRoHJNDbOIfBMMvdfAz67KVIonUbk5Z9LgMyUOe7IWtgWBkYSy9KFrw
Exception: Client error: `POST https://www.googleapis.com/oauth2/v4/token` resulted in a `400 Bad Request` response:
{
  "error": "invalid_grant",
  "error_description": "Bad Request"
}

Received code: 4/0Ab_5qlkdf5MDEeJ7VorXcN6wiN98COgTR_9hEPwTZbR7hTAYLRxwdZ4Ck5VWwRD-Qrg0DA
Token response: Array
(
    [access_token] => ya29.a0AZYkNZjxt28UQbCGjECi9egrPpCdYbEYSIDsV0SyCtMN4u0gBSS4tpt8fqGCcFc6RYBjqFslREFAbeLTOC8DLh9t4oJOkyWJjDz38v1ynyZGG5KZ8RzxwiTtwkc4te1ZBM0WjKEujJiw9Vu7ZRxw-QBjvCopGh-NIeGqTqDUaCgYKAd8SARcSFQHGX2MiHo05OfcXoV5lV1RWVFj3Pw0175
    [expires_in] => 3599
    [refresh_token] => 1//03J8IXwipA8gCCgYIARAAGAMSNwF-L9Iru4rMOl2II95TbH0tbkU-HxpSNGP0mMdWtLQuqa_Ihp7ZeMEuLGyiK6MX_Ycsupos0ww
    [scope] => https://www.googleapis.com/auth/gmail.send
    [token_type] => Bearer
    [created] => 1744668275
)

Received code: 4/0Ab_5qlkdf5MDEeJ7VorXcN6wiN98COgTR_9hEPwTZbR7hTAYLRxwdZ4Ck5VWwRD-Qrg0DA
Exception: Client error: `POST https://www.googleapis.com/oauth2/v4/token` resulted in a `400 Bad Request` response:
{
  "error": "invalid_grant",
  "error_description": "Bad Request"
}

Received code: 4/0Ab_5qlnvW0E79RwJuRYQDlIzrrNxM3CrqnKU0g8aUeq658xElhR_wZaO-PlgSdnwamm2Zg
Token response: Array
(
    [access_token] => ya29.a0AZYkNZhR03X7xSj-JCB_IkhbdrswaJIrbGU8Zb1OuMax5Lhx0mNxevk_8jA0R0oedLMysMWm4QHe_s_hi2M-wjU7B_4sO5eEHAO5ea2hSQ_uQVpcqWNR7zJUSOTX-xEjW-o2lmu7zt7EgG8NjFs11s59_No6dIZ8UioV4xzlaCgYKAVQSARUSFQHGX2MiZThzc06ks03KEO13Fi6mYA0175
    [expires_in] => 3599
    [refresh_token] => 1//03TMOA7ZKEHFTCgYIARAAGAMSNwF-L9IrAkahkGBqlcIzTNI6uBb3S6veOWgDG6JoZg20sXMYu99Q1qzNTe1O7rLfcbG7dp-8DIk
    [scope] => https://www.googleapis.com/auth/gmail.send
    [token_type] => Bearer
    [created] => 1744732148
)

Received code: 4/0Ab_5qlnvW0E79RwJuRYQDlIzrrNxM3CrqnKU0g8aUeq658xElhR_wZaO-PlgSdnwamm2Zg
Exception: Client error: `POST https://www.googleapis.com/oauth2/v4/token` resulted in a `400 Bad Request` response:
{
  "error": "invalid_grant",
  "error_description": "Bad Request"
}

Received code: 4/0Ab_5qlmbef6ZMCx0PRMpPY1-tCXoY8ySzwBU2aOvIFAe5MAseqKSVBx4xZ_EuZXJjy7jvQ
Token response: Array
(
    [access_token] => ya29.a0AZYkNZjTjoAAk5VuNsYVD3E7B7OcxxCgaQ2cQy_B21l8RgucCQs3apTsjOijzT_OM6WmdT0zKRlunQYlb8Dexw0punOOFc8NxzGKtUJNYiARRxFRKoouRchDEBAaappeEBIrFCtZwnPb0oomZDPcgShSPcNeYVyLH87Xmo7IaCgYKAScSARMSFQHGX2Mijn6H3Rv6q9G_56btxZUhOg0175
    [expires_in] => 3599
    [refresh_token] => 1//03G7YcZqhWrjECgYIARAAGAMSNwF-L9IrBt4kSXw60qECAPoV81mykat8RMTJyvAHouc32bbJw0ZDzOfmbVXxZBPeFYq6KwXDang
    [scope] => https://www.googleapis.com/auth/gmail.send
    [token_type] => Bearer
    [created] => 1744852463
)

Received code: 4/0Ab_5qlmbef6ZMCx0PRMpPY1-tCXoY8ySzwBU2aOvIFAe5MAseqKSVBx4xZ_EuZXJjy7jvQ
Exception: Client error: `POST https://www.googleapis.com/oauth2/v4/token` resulted in a `400 Bad Request` response:
{
  "error": "invalid_grant",
  "error_description": "Bad Request"
}

Received code: 4/0Ab_5qllDhiBEYQmgEUKH4hy6V3pxNuyv0s8jC0uJ6yULXHThljC5JmOUq35j-k1DuE3hBg
Token response: Array
(
    [access_token] => ya29.a0AZYkNZigZKUKXu4Txgve-_ZkKNr8rJD4DoOykLi5zUmwtEQLUfcnYTqMEuPhwYCJra5FDqNkfHorY9ccdZixt-8rs-0GPMU08AugartBok3r2luXyfZqmqMCL6IIaPqAiTO35Kr05mp5OZj03fFanxv2Sn_Y4apabKyCpyD0aCgYKAc0SARcSFQHGX2MiPpr8ZidlTJqxi4MYJoHrPw0175
    [expires_in] => 3599
    [refresh_token] => 1//03XwiztmYMDcECgYIARAAGAMSNwF-L9IrI2kkmKZSHsScK5CpSXSsHTIQ-2y73RV_THBCCSEOq2PBLDhfZHWp8Jq6O4X8brD9g7k
    [scope] => https://www.googleapis.com/auth/gmail.send
    [token_type] => Bearer
    [created] => 1744990796
)

Received code: 4/0Ab_5qllDhiBEYQmgEUKH4hy6V3pxNuyv0s8jC0uJ6yULXHThljC5JmOUq35j-k1DuE3hBg
Exception: Client error: `POST https://www.googleapis.com/oauth2/v4/token` resulted in a `400 Bad Request` response:
{
  "error": "invalid_grant",
  "error_description": "Bad Request"
}

Received code: 4/0Ab_5qllEeElWaRs6cRNIng03d4G3m5_KCwPDJwCjgEiRHmna577PU5yTfFIo8h3JZigApA
Token response: Array
(
    [access_token] => ya29.a0AZYkNZi1HRdTWfT3ttBMO5TxsxaP0jd-F7Oc3uE8aGPw8ruYLn5sJ4XEh8dOk9XyCaHo4ni3Xb876hQP-aByWiGGpiQBkeRq6FkVupNnmnt4vmyTiCjIC_6H31JiOJ3fXYymD9TpMNnDsLR4FDByBr0KuBJ5R3q2LvmnBtbDaCgYKAdgSARMSFQHGX2Mihvy1bVe0EiDxN0qNwGvZ9A0175
    [expires_in] => 3599
    [refresh_token] => 1//03vP0mEfvRGTLCgYIARAAGAMSNwF-L9IrfQjXUOiI0L6zLhsbXy-Kf1VNE9jz0PLBMGlZNrL5HhXsU1K8hieqAKF84FzafaGBgOo
    [scope] => https://www.googleapis.com/auth/gmail.send
    [token_type] => Bearer
    [created] => 1745236469
)

Received code: 4/0Ab_5qllEeElWaRs6cRNIng03d4G3m5_KCwPDJwCjgEiRHmna577PU5yTfFIo8h3JZigApA
Exception: Client error: `POST https://www.googleapis.com/oauth2/v4/token` resulted in a `400 Bad Request` response:
{
  "error": "invalid_grant",
  "error_description": "Bad Request"
}

Received code: 4/0Ab_5qllESr3T9DfD_1VZGMMcqruv7Ve5Hoay1tM4A3OlNps3yLRZ2Q6lchsQWVq2ORSD0w
Token response: Array
(
    [access_token] => ya29.a0AZYkNZjLdX8iGZY8rzPxGsg8kapapIGXymK6MiiTbvaD2euHP_mtuA5sT1mqW_QYDrCeou4vXFYv87yQHpQyPaf7vcpzwV-nieMYjUj8Vgg_u32t2EneYGulAqy7UJpl4DpSBcf-mJXCMjNe1lVyNEZcHKkLryVovMqln9AqaCgYKAZgSARYSFQHGX2MixgX1iu7LYYuw0u7Ip-z5FQ0175
    [expires_in] => 3599
    [refresh_token] => 1//03eH-IdApZCaUCgYIARAAGAMSNwF-L9IrXCCbGZ06en94it0xRF8NG15rRE2BGzKUpzU_U4ffUtLu-IYsQ0_Kla6hmP522hNzhBw
    [scope] => https://www.googleapis.com/auth/gmail.send
    [token_type] => Bearer
    [created] => 1745243886
)

Received code: 4/0Ab_5qllESr3T9DfD_1VZGMMcqruv7Ve5Hoay1tM4A3OlNps3yLRZ2Q6lchsQWVq2ORSD0w
Exception: Client error: `POST https://www.googleapis.com/oauth2/v4/token` resulted in a `400 Bad Request` response:
{
  "error": "invalid_grant",
  "error_description": "Bad Request"
}

Received code: 4/0Ab_5qll7o4P5Ypz4F8rRargOYB5lQff-CMaUH_S8tCXnZoYFpxP7PCPqYadUK-M8_oY7iA
Token response: Array
(
    [access_token] => ya29.a0AZYkNZgST1xkC4ewcNb_V_TOC-u0zjRWgAV-IyscrvwTKbcJrqAwALEWe-2kh-U3Fc3ZzMxQhyf_WDvbREauKDJvRdMlHQzJZv7aSckUzxJAqaUXrqFf32-Hr1w2-3nHSL87bbr6aY1LoK3X4yxJkdyqqdn3BzwOwXO4kzQ8aCgYKAQESARcSFQHGX2MigjNspMxnp6xL102BxB2_hQ0175
    [expires_in] => 3599
    [refresh_token] => 1//03MleERbGhkDJCgYIARAAGAMSNwF-L9IrJgfzOQiOSFF5iaWL01OBKz-OruscDq51JSKZHetAKju05wkXAepD4ul10eGR9wc2y4A
    [scope] => https://www.googleapis.com/auth/gmail.send
    [token_type] => Bearer
    [created] => 1745245660
)

Received code: 4/0Ab_5qll7o4P5Ypz4F8rRargOYB5lQff-CMaUH_S8tCXnZoYFpxP7PCPqYadUK-M8_oY7iA
Exception: Client error: `POST https://www.googleapis.com/oauth2/v4/token` resulted in a `400 Bad Request` response:
{
  "error": "invalid_grant",
  "error_description": "Bad Request"
}

